2018-01-09 23:43:48,065 [main] INFO  org.mule.module.launcher.application.DefaultMuleApplication - 
++++++++++++++++++++++++++++++++++++++++++++++++++++++++++++
+ Initializing app 'orchard-firebase'                      +
++++++++++++++++++++++++++++++++++++++++++++++++++++++++++++
2018-01-09 23:43:48,388 [main] INFO  org.mule.lifecycle.AbstractLifecycleManager - Initialising RegistryBroker
2018-01-09 23:43:48,616 [main] INFO  org.mule.module.extension.internal.manager.DefaultExtensionManager - Starting discovery of extensions
2018-01-09 23:43:48,809 [main] INFO  org.mule.module.extension.internal.manager.DefaultExtensionManager - Discovered 1 extensions
2018-01-09 23:43:48,810 [main] INFO  org.mule.module.extension.internal.manager.DefaultExtensionManager - Registering extension validation (version 3.8)
2018-01-09 23:43:48,951 [main] INFO  org.mule.config.spring.MuleArtifactContext - Refreshing org.mule.config.spring.MuleArtifactContext@544630b7: startup date [Tue Jan 09 23:43:48 IST 2018]; root of context hierarchy
2018-01-09 23:43:50,896 [main] INFO  org.mule.config.spring.processors.NoDevkitInjectorProcessor - JSR-330 'javax.inject.Inject' annotation found and supported for autowiring
2018-01-09 23:43:51,916 [main] WARN  org.mule.module.ognl.expression.OgnlExpressionEvaluator - OGNL module is deprecated and will be removed in Mule 4.0. Use MEL expressions instead.
2018-01-09 23:43:52,939 [main] INFO  org.mule.util.journal.TransactionJournal - Using files for tx logs C:\Users\M1043142\AnypointStudio\workspace\.mule\.\.mule\orchard-firebase\queue-tx-log\tx1.log and C:\Users\M1043142\AnypointStudio\workspace\.mule\.\.mule\orchard-firebase\queue-tx-log\tx2.log
2018-01-09 23:43:53,003 [main] INFO  org.mule.util.journal.TransactionJournal - Using files for tx logs C:\Users\M1043142\AnypointStudio\workspace\.mule\.\.mule\orchard-firebase\queue-xa-tx-log\tx1.log and C:\Users\M1043142\AnypointStudio\workspace\.mule\.\.mule\orchard-firebase\queue-xa-tx-log\tx2.log
2018-01-09 23:43:53,145 [main] INFO  org.mule.lifecycle.AbstractLifecycleManager - Initialising model: _muleSystemModel
2018-01-09 23:43:53,150 [main] INFO  org.mule.construct.FlowConstructLifecycleManager - Initialising flow: orchard-firebaseFlow
2018-01-09 23:43:53,150 [main] INFO  org.mule.exception.DefaultMessagingExceptionStrategy - Initialising exception listener: org.mule.exception.DefaultMessagingExceptionStrategy@2c63762b
2018-01-09 23:43:53,189 [main] INFO  org.mule.processor.SedaStageLifecycleManager - Initialising service: orchard-firebaseFlow.stage1
2018-01-09 23:43:53,637 [main] INFO  org.mule.api.security.tls.TlsProperties - Loading configuration file: tls-default.conf
2018-01-09 23:43:53,649 [main] INFO  org.mule.config.spring.SpringXmlConfigurationBuilder - Configured Mule using "org.mule.config.spring.SpringXmlConfigurationBuilder" with configuration resource(s): "[ConfigResource{resourceName='C:\Users\M1043142\AnypointStudio\workspace\.mule\apps\orchard-firebase\orchard-firebase.xml'}]"
2018-01-09 23:43:53,650 [main] INFO  org.mule.config.builders.AutoConfigurationBuilder - Configured Mule using "org.mule.config.builders.AutoConfigurationBuilder" with configuration resource(s): "[ConfigResource{resourceName='C:\Users\M1043142\AnypointStudio\workspace\.mule\apps\orchard-firebase\orchard-firebase.xml'}]"
2018-01-09 23:43:56,701 [main] INFO  org.mule.module.launcher.application.DefaultMuleApplication - 
++++++++++++++++++++++++++++++++++++++++++++++++++++++++++++
+ Starting app 'orchard-firebase'                          +
++++++++++++++++++++++++++++++++++++++++++++++++++++++++++++
2018-01-09 23:43:56,705 [main] INFO  org.mule.util.queue.QueueXaResourceManager - Starting ResourceManager
2018-01-09 23:43:56,705 [main] INFO  org.mule.util.queue.QueueXaResourceManager - Started ResourceManager
2018-01-09 23:43:56,805 [main] INFO  org.mule.module.http.internal.listener.DefaultHttpListenerConfig - Listening for requests on http://0.0.0.0:8081/orchard
2018-01-09 23:43:56,808 [main] INFO  org.mule.modules.oauth2.provider.agents.DefaultSplashScreenAgent - 
++++++++++++++++++++++++++++++++++++++++++++++++++++++++++++++++++++++++++++++++
+ DevKit Extensions (0) used in this application 
                             +
++++++++++++++++++++++++++++++++++++++++++++++++++++++++++++++++++++++++++++++++
2018-01-09 23:43:56,811 [main] INFO  org.mule.lifecycle.AbstractLifecycleManager - Starting model: _muleSystemModel
2018-01-09 23:43:56,812 [main] INFO  org.mule.construct.FlowConstructLifecycleManager - Starting flow: orchard-firebaseFlow
2018-01-09 23:43:56,813 [main] INFO  org.mule.processor.SedaStageLifecycleManager - Starting service: orchard-firebaseFlow.stage1
2018-01-09 23:43:57,117 [main] INFO  org.mule.module.management.agent.WrapperManagerAgent - This JVM hasn't been launched by the wrapper, the agent will not run.
2018-01-09 23:43:57,145 [main] INFO  org.mule.DefaultMuleContext - 
**********************************************************************
* Application: orchard-firebase                                      *
* OS encoding: \, Mule encoding: UTF-8                               *
*                                                                    *
* Agents Running:                                                    *
*   JMX Agent                                                        *
*   DevKit Extension Information                                     *
*   Batch module default engine                                      *
*   Wrapper Manager                                                  *
**********************************************************************
2018-01-09 23:44:16,864 [[orchard-firebase].HTTP_Listener_Configuration.worker.01] ERROR org.mule.exception.DefaultMessagingExceptionStrategy - 
********************************************************************************
Message               : Error sending HTTP request.
Payload               : {NullPayload}
Payload Type          : org.mule.transport.NullPayload
Element               : /orchard-firebaseFlow/processors/0 @ orchard-firebase:orchard-firebase.xml:16 (HTTP)
Element XML           : <http:request config-ref="HTTP_Request_Configuration" path="campusminds.json?auth=1JktXykoLOtiZ1K5t3TzVABvvH2kGe2D3rXACKlX" method="GET" doc:name="HTTP"></http:request>
--------------------------------------------------------------------------------
Root Exception stack trace:
javax.net.ssl.SSLException: Unrecognized SSL message, plaintext connection?
	at org.glassfish.grizzly.ssl.SSLUtils.getSSLPacketSize(SSLUtils.java:258)
	at org.glassfish.grizzly.ssl.SSLBaseFilter.doHandshakeStep(SSLBaseFilter.java:664)
	at org.glassfish.grizzly.ssl.SSLFilter.doHandshakeStep(SSLFilter.java:332)
	at org.glassfish.grizzly.ssl.SSLBaseFilter.doHandshakeStep(SSLBaseFilter.java:623)
	at org.glassfish.grizzly.ssl.SSLBaseFilter.handleRead(SSLBaseFilter.java:328)
	at com.ning.http.client.providers.grizzly.SwitchingSSLFilter.handleRead(SwitchingSSLFilter.java:74)
	at org.glassfish.grizzly.filterchain.ExecutorResolver$9.execute(ExecutorResolver.java:119)
	at org.glassfish.grizzly.filterchain.DefaultFilterChain.executeFilter(DefaultFilterChain.java:284)
	at org.glassfish.grizzly.filterchain.DefaultFilterChain.executeChainPart(DefaultFilterChain.java:201)
	at org.glassfish.grizzly.filterchain.DefaultFilterChain.execute(DefaultFilterChain.java:133)
	at org.glassfish.grizzly.filterchain.DefaultFilterChain.process(DefaultFilterChain.java:112)
	at org.glassfish.grizzly.ProcessorExecutor.execute(ProcessorExecutor.java:77)
	at org.glassfish.grizzly.nio.transport.TCPNIOTransport.fireIOEvent(TCPNIOTransport.java:539)
	at org.glassfish.grizzly.strategies.AbstractIOStrategy.fireIOEvent(AbstractIOStrategy.java:112)
	at org.glassfish.grizzly.strategies.WorkerThreadIOStrategy.run0(WorkerThreadIOStrategy.java:117)
	at org.glassfish.grizzly.strategies.WorkerThreadIOStrategy.access$100(WorkerThreadIOStrategy.java:56)
	at org.glassfish.grizzly.strategies.WorkerThreadIOStrategy$WorkerThreadRunnable.run(WorkerThreadIOStrategy.java:137)
	at org.glassfish.grizzly.threadpool.AbstractThreadPool$Worker.doWork(AbstractThreadPool.java:593)
	at org.glassfish.grizzly.threadpool.AbstractThreadPool$Worker.run(AbstractThreadPool.java:573)
	at java.lang.Thread.run(Unknown Source)

********************************************************************************

2018-01-09 23:44:50,913 [main] INFO  org.mule.module.launcher.application.DefaultMuleApplication - 
++++++++++++++++++++++++++++++++++++++++++++++++++++++++++++
+ Initializing app 'orchard-firebase'                      +
++++++++++++++++++++++++++++++++++++++++++++++++++++++++++++
2018-01-09 23:44:51,331 [main] INFO  org.mule.lifecycle.AbstractLifecycleManager - Initialising RegistryBroker
2018-01-09 23:44:51,491 [main] INFO  org.mule.module.extension.internal.manager.DefaultExtensionManager - Starting discovery of extensions
2018-01-09 23:44:51,660 [main] INFO  org.mule.module.extension.internal.manager.DefaultExtensionManager - Discovered 1 extensions
2018-01-09 23:44:51,661 [main] INFO  org.mule.module.extension.internal.manager.DefaultExtensionManager - Registering extension validation (version 3.8)
2018-01-09 23:44:51,785 [main] INFO  org.mule.config.spring.MuleArtifactContext - Refreshing org.mule.config.spring.MuleArtifactContext@544630b7: startup date [Tue Jan 09 23:44:51 IST 2018]; root of context hierarchy
2018-01-09 23:44:54,618 [main] INFO  org.mule.config.spring.processors.NoDevkitInjectorProcessor - JSR-330 'javax.inject.Inject' annotation found and supported for autowiring
2018-01-09 23:44:55,748 [main] WARN  org.mule.module.ognl.expression.OgnlExpressionEvaluator - OGNL module is deprecated and will be removed in Mule 4.0. Use MEL expressions instead.
2018-01-09 23:44:56,943 [main] INFO  org.mule.util.journal.TransactionJournal - Using files for tx logs C:\Users\M1043142\AnypointStudio\workspace\.mule\.\.mule\orchard-firebase\queue-tx-log\tx1.log and C:\Users\M1043142\AnypointStudio\workspace\.mule\.\.mule\orchard-firebase\queue-tx-log\tx2.log
2018-01-09 23:44:56,978 [main] INFO  org.mule.util.journal.TransactionJournal - Using files for tx logs C:\Users\M1043142\AnypointStudio\workspace\.mule\.\.mule\orchard-firebase\queue-xa-tx-log\tx1.log and C:\Users\M1043142\AnypointStudio\workspace\.mule\.\.mule\orchard-firebase\queue-xa-tx-log\tx2.log
2018-01-09 23:44:57,114 [main] INFO  org.mule.lifecycle.AbstractLifecycleManager - Initialising model: _muleSystemModel
2018-01-09 23:44:57,130 [main] INFO  org.mule.construct.FlowConstructLifecycleManager - Initialising flow: orchard-firebaseFlow
2018-01-09 23:44:57,130 [main] INFO  org.mule.exception.DefaultMessagingExceptionStrategy - Initialising exception listener: org.mule.exception.DefaultMessagingExceptionStrategy@158ae284
2018-01-09 23:44:57,175 [main] INFO  org.mule.processor.SedaStageLifecycleManager - Initialising service: orchard-firebaseFlow.stage1
2018-01-09 23:44:57,621 [main] INFO  org.mule.api.security.tls.TlsProperties - Loading configuration file: tls-default.conf
2018-01-09 23:44:57,631 [main] INFO  org.mule.config.spring.SpringXmlConfigurationBuilder - Configured Mule using "org.mule.config.spring.SpringXmlConfigurationBuilder" with configuration resource(s): "[ConfigResource{resourceName='C:\Users\M1043142\AnypointStudio\workspace\.mule\apps\orchard-firebase\orchard-firebase.xml'}]"
2018-01-09 23:44:57,631 [main] INFO  org.mule.config.builders.AutoConfigurationBuilder - Configured Mule using "org.mule.config.builders.AutoConfigurationBuilder" with configuration resource(s): "[ConfigResource{resourceName='C:\Users\M1043142\AnypointStudio\workspace\.mule\apps\orchard-firebase\orchard-firebase.xml'}]"
2018-01-09 23:45:00,803 [main] INFO  org.mule.module.launcher.application.DefaultMuleApplication - 
++++++++++++++++++++++++++++++++++++++++++++++++++++++++++++
+ Starting app 'orchard-firebase'                          +
++++++++++++++++++++++++++++++++++++++++++++++++++++++++++++
2018-01-09 23:45:00,809 [main] INFO  org.mule.util.queue.QueueXaResourceManager - Starting ResourceManager
2018-01-09 23:45:00,809 [main] INFO  org.mule.util.queue.QueueXaResourceManager - Started ResourceManager
2018-01-09 23:45:00,883 [main] INFO  org.mule.module.http.internal.listener.DefaultHttpListenerConfig - Listening for requests on http://0.0.0.0:8081/orchard
2018-01-09 23:45:00,886 [main] INFO  org.mule.modules.oauth2.provider.agents.DefaultSplashScreenAgent - 
++++++++++++++++++++++++++++++++++++++++++++++++++++++++++++++++++++++++++++++++
+ DevKit Extensions (0) used in this application 
                             +
++++++++++++++++++++++++++++++++++++++++++++++++++++++++++++++++++++++++++++++++
2018-01-09 23:45:00,889 [main] INFO  org.mule.lifecycle.AbstractLifecycleManager - Starting model: _muleSystemModel
2018-01-09 23:45:00,890 [main] INFO  org.mule.construct.FlowConstructLifecycleManager - Starting flow: orchard-firebaseFlow
2018-01-09 23:45:00,891 [main] INFO  org.mule.processor.SedaStageLifecycleManager - Starting service: orchard-firebaseFlow.stage1
2018-01-09 23:45:01,168 [main] INFO  org.mule.module.management.agent.WrapperManagerAgent - This JVM hasn't been launched by the wrapper, the agent will not run.
2018-01-09 23:45:01,230 [main] INFO  org.mule.DefaultMuleContext - 
**********************************************************************
* Application: orchard-firebase                                      *
* OS encoding: \, Mule encoding: UTF-8                               *
*                                                                    *
* Agents Running:                                                    *
*   JMX Agent                                                        *
*   DevKit Extension Information                                     *
*   Batch module default engine                                      *
*   Wrapper Manager                                                  *
**********************************************************************
2018-01-09 23:45:21,966 [main] INFO  org.mule.module.launcher.application.DefaultMuleApplication - 
++++++++++++++++++++++++++++++++++++++++++++++++++++++++++++
+ Initializing app 'orchard-firebase'                      +
++++++++++++++++++++++++++++++++++++++++++++++++++++++++++++
2018-01-09 23:45:22,276 [main] INFO  org.mule.lifecycle.AbstractLifecycleManager - Initialising RegistryBroker
2018-01-09 23:45:22,480 [main] INFO  org.mule.module.extension.internal.manager.DefaultExtensionManager - Starting discovery of extensions
2018-01-09 23:45:22,707 [main] INFO  org.mule.module.extension.internal.manager.DefaultExtensionManager - Discovered 1 extensions
2018-01-09 23:45:22,709 [main] INFO  org.mule.module.extension.internal.manager.DefaultExtensionManager - Registering extension validation (version 3.8)
2018-01-09 23:45:22,853 [main] INFO  org.mule.config.spring.MuleArtifactContext - Refreshing org.mule.config.spring.MuleArtifactContext@544630b7: startup date [Tue Jan 09 23:45:22 IST 2018]; root of context hierarchy
2018-01-09 23:45:24,859 [main] INFO  org.mule.config.spring.processors.NoDevkitInjectorProcessor - JSR-330 'javax.inject.Inject' annotation found and supported for autowiring
2018-01-09 23:45:25,903 [main] WARN  org.mule.module.ognl.expression.OgnlExpressionEvaluator - OGNL module is deprecated and will be removed in Mule 4.0. Use MEL expressions instead.
2018-01-09 23:45:26,973 [main] INFO  org.mule.util.journal.TransactionJournal - Using files for tx logs C:\Users\M1043142\AnypointStudio\workspace\.mule\.\.mule\orchard-firebase\queue-tx-log\tx1.log and C:\Users\M1043142\AnypointStudio\workspace\.mule\.\.mule\orchard-firebase\queue-tx-log\tx2.log
2018-01-09 23:45:26,997 [main] INFO  org.mule.util.journal.TransactionJournal - Using files for tx logs C:\Users\M1043142\AnypointStudio\workspace\.mule\.\.mule\orchard-firebase\queue-xa-tx-log\tx1.log and C:\Users\M1043142\AnypointStudio\workspace\.mule\.\.mule\orchard-firebase\queue-xa-tx-log\tx2.log
2018-01-09 23:45:27,167 [main] INFO  org.mule.lifecycle.AbstractLifecycleManager - Initialising model: _muleSystemModel
2018-01-09 23:45:27,174 [main] INFO  org.mule.construct.FlowConstructLifecycleManager - Initialising flow: orchard-firebaseFlow
2018-01-09 23:45:27,175 [main] INFO  org.mule.exception.DefaultMessagingExceptionStrategy - Initialising exception listener: org.mule.exception.DefaultMessagingExceptionStrategy@d48e998
2018-01-09 23:45:27,239 [main] INFO  org.mule.processor.SedaStageLifecycleManager - Initialising service: orchard-firebaseFlow.stage1
2018-01-09 23:45:27,796 [main] INFO  org.mule.api.security.tls.TlsProperties - Loading configuration file: tls-default.conf
2018-01-09 23:45:27,806 [main] INFO  org.mule.config.spring.SpringXmlConfigurationBuilder - Configured Mule using "org.mule.config.spring.SpringXmlConfigurationBuilder" with configuration resource(s): "[ConfigResource{resourceName='C:\Users\M1043142\AnypointStudio\workspace\.mule\apps\orchard-firebase\orchard-firebase.xml'}]"
2018-01-09 23:45:27,807 [main] INFO  org.mule.config.builders.AutoConfigurationBuilder - Configured Mule using "org.mule.config.builders.AutoConfigurationBuilder" with configuration resource(s): "[ConfigResource{resourceName='C:\Users\M1043142\AnypointStudio\workspace\.mule\apps\orchard-firebase\orchard-firebase.xml'}]"
2018-01-09 23:45:30,837 [main] INFO  org.mule.module.launcher.application.DefaultMuleApplication - 
++++++++++++++++++++++++++++++++++++++++++++++++++++++++++++
+ Starting app 'orchard-firebase'                          +
++++++++++++++++++++++++++++++++++++++++++++++++++++++++++++
2018-01-09 23:45:30,840 [main] INFO  org.mule.util.queue.QueueXaResourceManager - Starting ResourceManager
2018-01-09 23:45:30,840 [main] INFO  org.mule.util.queue.QueueXaResourceManager - Started ResourceManager
2018-01-09 23:45:30,900 [main] INFO  org.mule.module.http.internal.listener.DefaultHttpListenerConfig - Listening for requests on http://0.0.0.0:8081/orchard
2018-01-09 23:45:30,903 [main] INFO  org.mule.modules.oauth2.provider.agents.DefaultSplashScreenAgent - 
++++++++++++++++++++++++++++++++++++++++++++++++++++++++++++++++++++++++++++++++
+ DevKit Extensions (0) used in this application 
                             +
++++++++++++++++++++++++++++++++++++++++++++++++++++++++++++++++++++++++++++++++
2018-01-09 23:45:30,905 [main] INFO  org.mule.lifecycle.AbstractLifecycleManager - Starting model: _muleSystemModel
2018-01-09 23:45:30,907 [main] INFO  org.mule.construct.FlowConstructLifecycleManager - Starting flow: orchard-firebaseFlow
2018-01-09 23:45:30,907 [main] INFO  org.mule.processor.SedaStageLifecycleManager - Starting service: orchard-firebaseFlow.stage1
2018-01-09 23:45:31,166 [main] INFO  org.mule.module.management.agent.WrapperManagerAgent - This JVM hasn't been launched by the wrapper, the agent will not run.
2018-01-09 23:45:31,193 [main] INFO  org.mule.DefaultMuleContext - 
**********************************************************************
* Application: orchard-firebase                                      *
* OS encoding: \, Mule encoding: UTF-8                               *
*                                                                    *
* Agents Running:                                                    *
*   JMX Agent                                                        *
*   DevKit Extension Information                                     *
*   Batch module default engine                                      *
*   Wrapper Manager                                                  *
**********************************************************************
2018-01-09 23:45:40,306 [[orchard-firebase].HTTP_Listener_Configuration.worker.01] ERROR org.mule.exception.DefaultMessagingExceptionStrategy - 
********************************************************************************
Message               : Error sending HTTP request.
Payload               : {NullPayload}
Payload Type          : org.mule.transport.NullPayload
Element               : /orchard-firebaseFlow/processors/0 @ orchard-firebase:orchard-firebase.xml:16 (HTTP)
Element XML           : <http:request config-ref="HTTP_Request_Configuration" path="/campusminds.json?auth=1JktXykoLOtiZ1K5t3TzVABvvH2kGe2D3rXACKlX" method="GET" doc:name="HTTP"></http:request>
--------------------------------------------------------------------------------
Root Exception stack trace:
javax.net.ssl.SSLException: Unrecognized SSL message, plaintext connection?
	at org.glassfish.grizzly.ssl.SSLUtils.getSSLPacketSize(SSLUtils.java:258)
	at org.glassfish.grizzly.ssl.SSLBaseFilter.doHandshakeStep(SSLBaseFilter.java:664)
	at org.glassfish.grizzly.ssl.SSLFilter.doHandshakeStep(SSLFilter.java:332)
	at org.glassfish.grizzly.ssl.SSLBaseFilter.doHandshakeStep(SSLBaseFilter.java:623)
	at org.glassfish.grizzly.ssl.SSLBaseFilter.handleRead(SSLBaseFilter.java:328)
	at com.ning.http.client.providers.grizzly.SwitchingSSLFilter.handleRead(SwitchingSSLFilter.java:74)
	at org.glassfish.grizzly.filterchain.ExecutorResolver$9.execute(ExecutorResolver.java:119)
	at org.glassfish.grizzly.filterchain.DefaultFilterChain.executeFilter(DefaultFilterChain.java:284)
	at org.glassfish.grizzly.filterchain.DefaultFilterChain.executeChainPart(DefaultFilterChain.java:201)
	at org.glassfish.grizzly.filterchain.DefaultFilterChain.execute(DefaultFilterChain.java:133)
	at org.glassfish.grizzly.filterchain.DefaultFilterChain.process(DefaultFilterChain.java:112)
	at org.glassfish.grizzly.ProcessorExecutor.execute(ProcessorExecutor.java:77)
	at org.glassfish.grizzly.nio.transport.TCPNIOTransport.fireIOEvent(TCPNIOTransport.java:539)
	at org.glassfish.grizzly.strategies.AbstractIOStrategy.fireIOEvent(AbstractIOStrategy.java:112)
	at org.glassfish.grizzly.strategies.WorkerThreadIOStrategy.run0(WorkerThreadIOStrategy.java:117)
	at org.glassfish.grizzly.strategies.WorkerThreadIOStrategy.access$100(WorkerThreadIOStrategy.java:56)
	at org.glassfish.grizzly.strategies.WorkerThreadIOStrategy$WorkerThreadRunnable.run(WorkerThreadIOStrategy.java:137)
	at org.glassfish.grizzly.threadpool.AbstractThreadPool$Worker.doWork(AbstractThreadPool.java:593)
	at org.glassfish.grizzly.threadpool.AbstractThreadPool$Worker.run(AbstractThreadPool.java:573)
	at java.lang.Thread.run(Unknown Source)

********************************************************************************

2018-01-09 23:46:04,028 [[orchard-firebase].HTTP_Listener_Configuration.worker.01] ERROR org.mule.exception.DefaultMessagingExceptionStrategy - 
********************************************************************************
Message               : Error sending HTTP request.
Payload               : {NullPayload}
Payload Type          : org.mule.transport.NullPayload
Element               : /orchard-firebaseFlow/processors/0 @ orchard-firebase:orchard-firebase.xml:16 (HTTP)
Element XML           : <http:request config-ref="HTTP_Request_Configuration" path="/campusminds.json?auth=1JktXykoLOtiZ1K5t3TzVABvvH2kGe2D3rXACKlX" method="GET" doc:name="HTTP"></http:request>
--------------------------------------------------------------------------------
Root Exception stack trace:
javax.net.ssl.SSLException: Unrecognized SSL message, plaintext connection?
	at org.glassfish.grizzly.ssl.SSLUtils.getSSLPacketSize(SSLUtils.java:258)
	at org.glassfish.grizzly.ssl.SSLBaseFilter.doHandshakeStep(SSLBaseFilter.java:664)
	at org.glassfish.grizzly.ssl.SSLFilter.doHandshakeStep(SSLFilter.java:332)
	at org.glassfish.grizzly.ssl.SSLBaseFilter.doHandshakeStep(SSLBaseFilter.java:623)
	at org.glassfish.grizzly.ssl.SSLBaseFilter.handleRead(SSLBaseFilter.java:328)
	at com.ning.http.client.providers.grizzly.SwitchingSSLFilter.handleRead(SwitchingSSLFilter.java:74)
	at org.glassfish.grizzly.filterchain.ExecutorResolver$9.execute(ExecutorResolver.java:119)
	at org.glassfish.grizzly.filterchain.DefaultFilterChain.executeFilter(DefaultFilterChain.java:284)
	at org.glassfish.grizzly.filterchain.DefaultFilterChain.executeChainPart(DefaultFilterChain.java:201)
	at org.glassfish.grizzly.filterchain.DefaultFilterChain.execute(DefaultFilterChain.java:133)
	at org.glassfish.grizzly.filterchain.DefaultFilterChain.process(DefaultFilterChain.java:112)
	at org.glassfish.grizzly.ProcessorExecutor.execute(ProcessorExecutor.java:77)
	at org.glassfish.grizzly.nio.transport.TCPNIOTransport.fireIOEvent(TCPNIOTransport.java:539)
	at org.glassfish.grizzly.strategies.AbstractIOStrategy.fireIOEvent(AbstractIOStrategy.java:112)
	at org.glassfish.grizzly.strategies.WorkerThreadIOStrategy.run0(WorkerThreadIOStrategy.java:117)
	at org.glassfish.grizzly.strategies.WorkerThreadIOStrategy.access$100(WorkerThreadIOStrategy.java:56)
	at org.glassfish.grizzly.strategies.WorkerThreadIOStrategy$WorkerThreadRunnable.run(WorkerThreadIOStrategy.java:137)
	at org.glassfish.grizzly.threadpool.AbstractThreadPool$Worker.doWork(AbstractThreadPool.java:593)
	at org.glassfish.grizzly.threadpool.AbstractThreadPool$Worker.run(AbstractThreadPool.java:573)
	at java.lang.Thread.run(Unknown Source)

********************************************************************************

2018-01-09 23:47:05,663 [main] INFO  org.mule.module.launcher.application.DefaultMuleApplication - 
++++++++++++++++++++++++++++++++++++++++++++++++++++++++++++
+ Initializing app 'orchard-firebase'                      +
++++++++++++++++++++++++++++++++++++++++++++++++++++++++++++
2018-01-09 23:47:05,918 [main] INFO  org.mule.lifecycle.AbstractLifecycleManager - Initialising RegistryBroker
2018-01-09 23:47:06,066 [main] INFO  org.mule.module.extension.internal.manager.DefaultExtensionManager - Starting discovery of extensions
2018-01-09 23:47:06,234 [main] INFO  org.mule.module.extension.internal.manager.DefaultExtensionManager - Discovered 1 extensions
2018-01-09 23:47:06,235 [main] INFO  org.mule.module.extension.internal.manager.DefaultExtensionManager - Registering extension validation (version 3.8)
2018-01-09 23:47:06,365 [main] INFO  org.mule.config.spring.MuleArtifactContext - Refreshing org.mule.config.spring.MuleArtifactContext@544630b7: startup date [Tue Jan 09 23:47:06 IST 2018]; root of context hierarchy
2018-01-09 23:47:08,810 [main] INFO  org.mule.config.spring.processors.NoDevkitInjectorProcessor - JSR-330 'javax.inject.Inject' annotation found and supported for autowiring
2018-01-09 23:47:09,996 [main] WARN  org.mule.module.ognl.expression.OgnlExpressionEvaluator - OGNL module is deprecated and will be removed in Mule 4.0. Use MEL expressions instead.
2018-01-09 23:47:11,121 [main] INFO  org.mule.util.journal.TransactionJournal - Using files for tx logs C:\Users\M1043142\AnypointStudio\workspace\.mule\.\.mule\orchard-firebase\queue-tx-log\tx1.log and C:\Users\M1043142\AnypointStudio\workspace\.mule\.\.mule\orchard-firebase\queue-tx-log\tx2.log
2018-01-09 23:47:11,157 [main] INFO  org.mule.util.journal.TransactionJournal - Using files for tx logs C:\Users\M1043142\AnypointStudio\workspace\.mule\.\.mule\orchard-firebase\queue-xa-tx-log\tx1.log and C:\Users\M1043142\AnypointStudio\workspace\.mule\.\.mule\orchard-firebase\queue-xa-tx-log\tx2.log
2018-01-09 23:47:11,325 [main] INFO  org.mule.lifecycle.AbstractLifecycleManager - Initialising model: _muleSystemModel
2018-01-09 23:47:11,329 [main] INFO  org.mule.construct.FlowConstructLifecycleManager - Initialising flow: orchard-firebaseFlow
2018-01-09 23:47:11,329 [main] INFO  org.mule.exception.DefaultMessagingExceptionStrategy - Initialising exception listener: org.mule.exception.DefaultMessagingExceptionStrategy@d48e998
2018-01-09 23:47:11,369 [main] INFO  org.mule.processor.SedaStageLifecycleManager - Initialising service: orchard-firebaseFlow.stage1
2018-01-09 23:47:11,884 [main] INFO  org.mule.api.security.tls.TlsProperties - Loading configuration file: tls-default.conf
2018-01-09 23:47:11,895 [main] INFO  org.mule.config.spring.SpringXmlConfigurationBuilder - Configured Mule using "org.mule.config.spring.SpringXmlConfigurationBuilder" with configuration resource(s): "[ConfigResource{resourceName='C:\Users\M1043142\AnypointStudio\workspace\.mule\apps\orchard-firebase\orchard-firebase.xml'}]"
2018-01-09 23:47:11,895 [main] INFO  org.mule.config.builders.AutoConfigurationBuilder - Configured Mule using "org.mule.config.builders.AutoConfigurationBuilder" with configuration resource(s): "[ConfigResource{resourceName='C:\Users\M1043142\AnypointStudio\workspace\.mule\apps\orchard-firebase\orchard-firebase.xml'}]"
2018-01-09 23:47:14,940 [main] INFO  org.mule.module.launcher.application.DefaultMuleApplication - 
++++++++++++++++++++++++++++++++++++++++++++++++++++++++++++
+ Starting app 'orchard-firebase'                          +
++++++++++++++++++++++++++++++++++++++++++++++++++++++++++++
2018-01-09 23:47:14,947 [main] INFO  org.mule.util.queue.QueueXaResourceManager - Starting ResourceManager
2018-01-09 23:47:14,947 [main] INFO  org.mule.util.queue.QueueXaResourceManager - Started ResourceManager
2018-01-09 23:47:15,036 [main] INFO  org.mule.module.http.internal.listener.DefaultHttpListenerConfig - Listening for requests on http://0.0.0.0:8081/orchard
2018-01-09 23:47:15,039 [main] INFO  org.mule.modules.oauth2.provider.agents.DefaultSplashScreenAgent - 
++++++++++++++++++++++++++++++++++++++++++++++++++++++++++++++++++++++++++++++++
+ DevKit Extensions (0) used in this application 
                             +
++++++++++++++++++++++++++++++++++++++++++++++++++++++++++++++++++++++++++++++++
2018-01-09 23:47:15,043 [main] INFO  org.mule.lifecycle.AbstractLifecycleManager - Starting model: _muleSystemModel
2018-01-09 23:47:15,045 [main] INFO  org.mule.construct.FlowConstructLifecycleManager - Starting flow: orchard-firebaseFlow
2018-01-09 23:47:15,046 [main] INFO  org.mule.processor.SedaStageLifecycleManager - Starting service: orchard-firebaseFlow.stage1
2018-01-09 23:47:15,315 [main] INFO  org.mule.module.management.agent.WrapperManagerAgent - This JVM hasn't been launched by the wrapper, the agent will not run.
2018-01-09 23:47:15,338 [main] INFO  org.mule.DefaultMuleContext - 
**********************************************************************
* Application: orchard-firebase                                      *
* OS encoding: \, Mule encoding: UTF-8                               *
*                                                                    *
* Agents Running:                                                    *
*   JMX Agent                                                        *
*   DevKit Extension Information                                     *
*   Batch module default engine                                      *
*   Wrapper Manager                                                  *
**********************************************************************
2018-01-09 23:50:12,786 [main] INFO  org.mule.module.launcher.application.DefaultMuleApplication - 
++++++++++++++++++++++++++++++++++++++++++++++++++++++++++++
+ Initializing app 'orchard-firebase'                      +
++++++++++++++++++++++++++++++++++++++++++++++++++++++++++++
2018-01-09 23:50:13,199 [main] INFO  org.mule.lifecycle.AbstractLifecycleManager - Initialising RegistryBroker
2018-01-09 23:50:13,414 [main] INFO  org.mule.module.extension.internal.manager.DefaultExtensionManager - Starting discovery of extensions
2018-01-09 23:50:13,608 [main] INFO  org.mule.module.extension.internal.manager.DefaultExtensionManager - Discovered 1 extensions
2018-01-09 23:50:13,609 [main] INFO  org.mule.module.extension.internal.manager.DefaultExtensionManager - Registering extension validation (version 3.8)
2018-01-09 23:50:13,770 [main] INFO  org.mule.config.spring.MuleArtifactContext - Refreshing org.mule.config.spring.MuleArtifactContext@544630b7: startup date [Tue Jan 09 23:50:13 IST 2018]; root of context hierarchy
2018-01-09 23:50:15,984 [main] INFO  org.mule.config.spring.processors.NoDevkitInjectorProcessor - JSR-330 'javax.inject.Inject' annotation found and supported for autowiring
2018-01-09 23:50:17,142 [main] WARN  org.mule.module.ognl.expression.OgnlExpressionEvaluator - OGNL module is deprecated and will be removed in Mule 4.0. Use MEL expressions instead.
2018-01-09 23:50:18,185 [main] INFO  org.mule.util.journal.TransactionJournal - Using files for tx logs C:\Users\M1043142\AnypointStudio\workspace\.mule\.\.mule\orchard-firebase\queue-tx-log\tx1.log and C:\Users\M1043142\AnypointStudio\workspace\.mule\.\.mule\orchard-firebase\queue-tx-log\tx2.log
2018-01-09 23:50:18,209 [main] INFO  org.mule.util.journal.TransactionJournal - Using files for tx logs C:\Users\M1043142\AnypointStudio\workspace\.mule\.\.mule\orchard-firebase\queue-xa-tx-log\tx1.log and C:\Users\M1043142\AnypointStudio\workspace\.mule\.\.mule\orchard-firebase\queue-xa-tx-log\tx2.log
2018-01-09 23:50:18,345 [main] INFO  org.mule.lifecycle.AbstractLifecycleManager - Initialising model: _muleSystemModel
2018-01-09 23:50:18,352 [main] INFO  org.mule.construct.FlowConstructLifecycleManager - Initialising flow: GetCampusminds
2018-01-09 23:50:18,353 [main] INFO  org.mule.exception.DefaultMessagingExceptionStrategy - Initialising exception listener: org.mule.exception.DefaultMessagingExceptionStrategy@3af58f76
2018-01-09 23:50:18,398 [main] INFO  org.mule.processor.SedaStageLifecycleManager - Initialising service: GetCampusminds.stage1
2018-01-09 23:50:18,417 [main] INFO  org.mule.construct.FlowConstructLifecycleManager - Initialising flow: GetLeads
2018-01-09 23:50:18,418 [main] INFO  org.mule.exception.DefaultMessagingExceptionStrategy - Initialising exception listener: org.mule.exception.DefaultMessagingExceptionStrategy@4eea94a4
2018-01-09 23:50:18,424 [main] INFO  org.mule.processor.SedaStageLifecycleManager - Initialising service: GetLeads.stage1
2018-01-09 23:50:18,424 [main] INFO  org.mule.construct.FlowConstructLifecycleManager - Initialising flow: orchard-firebaseFlow
2018-01-09 23:50:18,425 [main] INFO  org.mule.exception.DefaultMessagingExceptionStrategy - Initialising exception listener: org.mule.exception.DefaultMessagingExceptionStrategy@1da4b3f9
2018-01-09 23:50:18,431 [main] INFO  org.mule.processor.SedaStageLifecycleManager - Initialising service: orchard-firebaseFlow.stage1
2018-01-09 23:50:18,919 [main] INFO  org.mule.api.security.tls.TlsProperties - Loading configuration file: tls-default.conf
2018-01-09 23:50:18,928 [main] INFO  org.mule.config.spring.SpringXmlConfigurationBuilder - Configured Mule using "org.mule.config.spring.SpringXmlConfigurationBuilder" with configuration resource(s): "[ConfigResource{resourceName='C:\Users\M1043142\AnypointStudio\workspace\.mule\apps\orchard-firebase\orchard-firebase.xml'}]"
2018-01-09 23:50:18,928 [main] INFO  org.mule.config.builders.AutoConfigurationBuilder - Configured Mule using "org.mule.config.builders.AutoConfigurationBuilder" with configuration resource(s): "[ConfigResource{resourceName='C:\Users\M1043142\AnypointStudio\workspace\.mule\apps\orchard-firebase\orchard-firebase.xml'}]"
2018-01-09 23:50:21,972 [main] INFO  org.mule.module.launcher.application.DefaultMuleApplication - 
++++++++++++++++++++++++++++++++++++++++++++++++++++++++++++
+ Starting app 'orchard-firebase'                          +
++++++++++++++++++++++++++++++++++++++++++++++++++++++++++++
2018-01-09 23:50:21,979 [main] INFO  org.mule.util.queue.QueueXaResourceManager - Starting ResourceManager
2018-01-09 23:50:21,979 [main] INFO  org.mule.util.queue.QueueXaResourceManager - Started ResourceManager
2018-01-09 23:50:22,048 [main] INFO  org.mule.module.http.internal.listener.DefaultHttpListenerConfig - Listening for requests on http://0.0.0.0:8081/orchard
2018-01-09 23:50:22,053 [main] INFO  org.mule.modules.oauth2.provider.agents.DefaultSplashScreenAgent - 
++++++++++++++++++++++++++++++++++++++++++++++++++++++++++++++++++++++++++++++++
+ DevKit Extensions (0) used in this application 
                             +
++++++++++++++++++++++++++++++++++++++++++++++++++++++++++++++++++++++++++++++++
2018-01-09 23:50:22,056 [main] INFO  org.mule.lifecycle.AbstractLifecycleManager - Starting model: _muleSystemModel
2018-01-09 23:50:22,059 [main] INFO  org.mule.construct.FlowConstructLifecycleManager - Starting flow: GetCampusminds
2018-01-09 23:50:22,061 [main] INFO  org.mule.processor.SedaStageLifecycleManager - Starting service: GetCampusminds.stage1
2018-01-09 23:50:22,068 [main] INFO  org.mule.construct.FlowConstructLifecycleManager - Starting flow: GetLeads
2018-01-09 23:50:22,068 [main] INFO  org.mule.processor.SedaStageLifecycleManager - Starting service: GetLeads.stage1
2018-01-09 23:50:22,072 [main] INFO  org.mule.construct.FlowConstructLifecycleManager - Starting flow: orchard-firebaseFlow
2018-01-09 23:50:22,072 [main] INFO  org.mule.processor.SedaStageLifecycleManager - Starting service: orchard-firebaseFlow.stage1
2018-01-09 23:50:22,348 [main] INFO  org.mule.module.management.agent.WrapperManagerAgent - This JVM hasn't been launched by the wrapper, the agent will not run.
2018-01-09 23:50:22,373 [main] INFO  org.mule.DefaultMuleContext - 
**********************************************************************
* Application: orchard-firebase                                      *
* OS encoding: \, Mule encoding: UTF-8                               *
*                                                                    *
* Agents Running:                                                    *
*   JMX Agent                                                        *
*   DevKit Extension Information                                     *
*   Batch module default engine                                      *
*   Wrapper Manager                                                  *
**********************************************************************
